# JRE version: OpenJDK Runtime Environment (8.0_152-b01) (build 1.8.0_152-release-1248-b01)
# Java VM: OpenJDK 64-Bit Server VM (25.152-b01 mixed mode windows-amd64 compressed oops)
Heap:
 PSYoungGen      total 251392K, used 230254K [0x00000000e0000000, 0x00000000f2c00000, 0x0000000100000000)
  eden space 226816K, 95% used [0x00000000e0000000,0x00000000ed40eff0,0x00000000edd80000)
  from space 24576K, 53% used [0x00000000edd80000,0x00000000eea4c860,0x00000000ef580000)
  to   space 24064K, 0% used [0x00000000f1480000,0x00000000f1480000,0x00000000f2c00000)
 ParOldGen       total 93696K, used 46422K [0x00000000a0000000, 0x00000000a5b80000, 0x00000000e0000000)
  object space 93696K, 49% used [0x00000000a0000000,0x00000000a2d558a8,0x00000000a5b80000)
 Metaspace       used 88277K, capacity 91292K, committed 91480K, reserved 1128448K
  class space    used 11222K, capacity 11895K, committed 11904K, reserved 1048576K
GC Heap History (10 events):
Event: 24.820 GC heap before
{Heap before GC invocations=18 (full 3):
 PSYoungGen      total 199680K, used 199653K [0x00000000e0000000, 0x00000000ede00000, 0x0000000100000000)
  eden space 179200K, 100% used [0x00000000e0000000,0x00000000eaf00000,0x00000000eaf00000)
  from space 20480K, 99% used [0x00000000ec680000,0x00000000eda797f0,0x00000000eda80000)
  to   space 24064K, 0% used [0x00000000eaf00000,0x00000000eaf00000,0x00000000ec680000)
 ParOldGen       total 93696K, used 36682K [0x00000000a0000000, 0x00000000a5b80000, 0x00000000e0000000)
  object space 93696K, 39% used [0x00000000a0000000,0x00000000a23d28d8,0x00000000a5b80000)
 Metaspace       used 72516K, capacity 74570K, committed 74712K, reserved 1114112K
  class space    used 9396K, capacity 9928K, committed 9984K, reserved 1048576K
Event: 24.852 GC heap after
Heap after GC invocations=18 (full 3):
 PSYoungGen      total 203264K, used 3496K [0x00000000e0000000, 0x00000000ef800000, 0x0000000100000000)
  eden space 179200K, 0% used [0x00000000e0000000,0x00000000e0000000,0x00000000eaf00000)
  from space 24064K, 14% used [0x00000000eaf00000,0x00000000eb26a270,0x00000000ec680000)
  to   space 24064K, 0% used [0x00000000ee080000,0x00000000ee080000,0x00000000ef800000)
 ParOldGen       total 93696K, used 46380K [0x00000000a0000000, 0x00000000a5b80000, 0x00000000e0000000)
  object space 93696K, 49% used [0x00000000a0000000,0x00000000a2d4b2b8,0x00000000a5b80000)
 Metaspace       used 72516K, capacity 74570K, committed 74712K, reserved 1114112K
  class space    used 9396K, capacity 9928K, committed 9984K, reserved 1048576K
}
Event: 27.907 GC heap before
{Heap before GC invocations=19 (full 3):
 PSYoungGen      total 203264K, used 182696K [0x00000000e0000000, 0x00000000ef800000, 0x0000000100000000)
  eden space 179200K, 100% used [0x00000000e0000000,0x00000000eaf00000,0x00000000eaf00000)
  from space 24064K, 14% used [0x00000000eaf00000,0x00000000eb26a270,0x00000000ec680000)
  to   space 24064K, 0% used [0x00000000ee080000,0x00000000ee080000,0x00000000ef800000)
 ParOldGen       total 93696K, used 46388K [0x00000000a0000000, 0x00000000a5b80000, 0x00000000e0000000)
  object space 93696K, 49% used [0x00000000a0000000,0x00000000a2d4d030,0x00000000a5b80000)
 Metaspace       used 80423K, capacity 82786K, committed 82904K, reserved 1122304K
  class space    used 10320K, capacity 10902K, committed 11008K, reserved 1048576K
Event: 27.922 GC heap after
Heap after GC invocations=19 (full 3):
 PSYoungGen      total 224768K, used 14120K [0x00000000e0000000, 0x00000000ef580000, 0x0000000100000000)
  eden space 203264K, 0% used [0x00000000e0000000,0x00000000e0000000,0x00000000ec680000)
  from space 21504K, 65% used [0x00000000ee080000,0x00000000eee4a1d8,0x00000000ef580000)
  to   space 24064K, 0% used [0x00000000ec680000,0x00000000ec680000,0x00000000ede00000)
 ParOldGen       total 93696K, used 46396K [0x00000000a0000000, 0x00000000a5b80000, 0x00000000e0000000)
  object space 93696K, 49% used [0x00000000a0000000,0x00000000a2d4f030,0x00000000a5b80000)
 Metaspace       used 80423K, capacity 82786K, committed 82904K, reserved 1122304K
  class space    used 10320K, capacity 10902K, committed 11008K, reserved 1048576K
}
Event: 29.453 GC heap before
{Heap before GC invocations=20 (full 3):
 PSYoungGen      total 224768K, used 217384K [0x00000000e0000000, 0x00000000ef580000, 0x0000000100000000)
  eden space 203264K, 100% used [0x00000000e0000000,0x00000000ec680000,0x00000000ec680000)
  from space 21504K, 65% used [0x00000000ee080000,0x00000000eee4a1d8,0x00000000ef580000)
  to   space 24064K, 0% used [0x00000000ec680000,0x00000000ec680000,0x00000000ede00000)
 ParOldGen       total 93696K, used 46398K [0x00000000a0000000, 0x00000000a5b80000, 0x00000000e0000000)
  object space 93696K, 49% used [0x00000000a0000000,0x00000000a2d4f8a8,0x00000000a5b80000)
 Metaspace       used 87887K, capacity 90936K, committed 90968K, reserved 1128448K
  class space    used 11212K, capacity 11893K, committed 11904K, reserved 1048576K
Event: 29.477 GC heap after
Heap after GC invocations=20 (full 3):
 PSYoungGen      total 227328K, used 19174K [0x00000000e0000000, 0x00000000f0f00000, 0x0000000100000000)
  eden space 203264K, 0% used [0x00000000e0000000,0x00000000e0000000,0x00000000ec680000)
  from space 24064K, 79% used [0x00000000ec680000,0x00000000ed939930,0x00000000ede00000)
  to   space 26112K, 0% used [0x00000000ef580000,0x00000000ef580000,0x00000000f0f00000)
 ParOldGen       total 93696K, used 46406K [0x00000000a0000000, 0x00000000a5b80000, 0x00000000e0000000)
  object space 93696K, 49% used [0x00000000a0000000,0x00000000a2d518a8,0x00000000a5b80000)
 Metaspace       used 87887K, capacity 90936K, committed 90968K, reserved 1128448K
  class space    used 11212K, capacity 11893K, committed 11904K, reserved 1048576K
}
Event: 30.235 GC heap before
{Heap before GC invocations=21 (full 3):
 PSYoungGen      total 227328K, used 222438K [0x00000000e0000000, 0x00000000f0f00000, 0x0000000100000000)
  eden space 203264K, 100% used [0x00000000e0000000,0x00000000ec680000,0x00000000ec680000)
  from space 24064K, 79% used [0x00000000ec680000,0x00000000ed939930,0x00000000ede00000)
  to   space 26112K, 0% used [0x00000000ef580000,0x00000000ef580000,0x00000000f0f00000)
 ParOldGen       total 93696K, used 46406K [0x00000000a0000000, 0x00000000a5b80000, 0x00000000e0000000)
  object space 93696K, 49% used [0x00000000a0000000,0x00000000a2d518a8,0x00000000a5b80000)
 Metaspace       used 88067K, capacity 91084K, committed 91224K, reserved 1128448K
  class space    used 11218K, capacity 11895K, committed 11904K, reserved 1048576K
Event: 30.249 GC heap after
Heap after GC invocations=21 (full 3):
 PSYoungGen      total 252928K, used 10961K [0x00000000e0000000, 0x00000000f0f00000, 0x0000000100000000)
  eden space 226816K, 0% used [0x00000000e0000000,0x00000000e0000000,0x00000000edd80000)
  from space 26112K, 41% used [0x00000000ef580000,0x00000000f0034448,0x00000000f0f00000)
  to   space 24576K, 0% used [0x00000000edd80000,0x00000000edd80000,0x00000000ef580000)
 ParOldGen       total 93696K, used 46414K [0x00000000a0000000, 0x00000000a5b80000, 0x00000000e0000000)
  object space 93696K, 49% used [0x00000000a0000000,0x00000000a2d538a8,0x00000000a5b80000)
 Metaspace       used 88067K, capacity 91084K, committed 91224K, reserved 1128448K
  class space    used 11218K, capacity 11895K, committed 11904K, reserved 1048576K
}
Event: 30.934 GC heap before
{Heap before GC invocations=22 (full 3):
 PSYoungGen      total 252928K, used 237777K [0x00000000e0000000, 0x00000000f0f00000, 0x0000000100000000)
  eden space 226816K, 100% used [0x00000000e0000000,0x00000000edd80000,0x00000000edd80000)
  from space 26112K, 41% used [0x00000000ef580000,0x00000000f0034448,0x00000000f0f00000)
  to   space 24576K, 0% used [0x00000000edd80000,0x00000000edd80000,0x00000000ef580000)
 ParOldGen       total 93696K, used 46414K [0x00000000a0000000, 0x00000000a5b80000, 0x00000000e0000000)
  object space 93696K, 49% used [0x00000000a0000000,0x00000000a2d538a8,0x00000000a5b80000)
 Metaspace       used 88186K, capacity 91224K, committed 91480K, reserved 1128448K
  class space    used 11222K, capacity 11895K, committed 11904K, reserved 1048576K
Event: 30.950 GC heap after
Heap after GC invocations=22 (full 3):
 PSYoungGen      total 251392K, used 13106K [0x00000000e0000000, 0x00000000f2c00000, 0x0000000100000000)
  eden space 226816K, 0% used [0x00000000e0000000,0x00000000e0000000,0x00000000edd80000)
  from space 24576K, 53% used [0x00000000edd80000,0x00000000eea4c860,0x00000000ef580000)
  to   space 24064K, 0% used [0x00000000f1480000,0x00000000f1480000,0x00000000f2c00000)
 ParOldGen       total 93696K, used 46422K [0x00000000a0000000, 0x00000000a5b80000, 0x00000000e0000000)
  object space 93696K, 49% used [0x00000000a0000000,0x00000000a2d558a8,0x00000000a5b80000)
 Metaspace       used 88186K, capacity 91224K, committed 91480K, reserved 1128448K
  class space    used 11222K, capacity 11895K, committed 11904K, reserved 1048576K
}

