# JRE version: OpenJDK Runtime Environment (8.0_152-b01) (build 1.8.0_152-release-1248-b01)
# Java VM: OpenJDK 64-Bit Server VM (25.152-b01 mixed mode windows-amd64 compressed oops)
Heap:
 PSYoungGen      total 301056K, used 258533K [0x00000000e0000000, 0x00000000f8f00000, 0x0000000100000000)
  eden space 283648K, 87% used [0x00000000e0000000,0x00000000ef21ec50,0x00000000f1500000)
  from space 17408K, 60% used [0x00000000f1500000,0x00000000f1f5a998,0x00000000f2600000)
  to   space 17408K, 0% used [0x00000000f7e00000,0x00000000f7e00000,0x00000000f8f00000)
 ParOldGen       total 69120K, used 32725K [0x00000000a0000000, 0x00000000a4380000, 0x00000000e0000000)
  object space 69120K, 47% used [0x00000000a0000000,0x00000000a1ff57a0,0x00000000a4380000)
 Metaspace       used 76635K, capacity 79226K, committed 79360K, reserved 1118208K
  class space    used 9845K, capacity 10485K, committed 10496K, reserved 1048576K
GC Heap History (10 events):
Event: 12.022 GC heap before
{Heap before GC invocations=14 (full 2):
 PSYoungGen      total 140800K, used 140799K [0x00000000e0000000, 0x00000000edb00000, 0x0000000100000000)
  eden space 129536K, 100% used [0x00000000e0000000,0x00000000e7e80000,0x00000000e7e80000)
  from space 11264K, 99% used [0x00000000e7e80000,0x00000000e897fc10,0x00000000e8980000)
  to   space 15360K, 0% used [0x00000000ecc00000,0x00000000ecc00000,0x00000000edb00000)
 ParOldGen       total 46080K, used 20995K [0x00000000a0000000, 0x00000000a2d00000, 0x00000000e0000000)
  object space 46080K, 45% used [0x00000000a0000000,0x00000000a1480d68,0x00000000a2d00000)
 Metaspace       used 57083K, capacity 58638K, committed 58752K, reserved 1099776K
  class space    used 7844K, capacity 8275K, committed 8320K, reserved 1048576K
Event: 12.050 GC heap after
Heap after GC invocations=14 (full 2):
 PSYoungGen      total 206848K, used 12717K [0x00000000e0000000, 0x00000000edb00000, 0x0000000100000000)
  eden space 191488K, 0% used [0x00000000e0000000,0x00000000e0000000,0x00000000ebb00000)
  from space 15360K, 82% used [0x00000000ecc00000,0x00000000ed86b490,0x00000000edb00000)
  to   space 16384K, 0% used [0x00000000ebb00000,0x00000000ebb00000,0x00000000ecb00000)
 ParOldGen       total 46080K, used 30014K [0x00000000a0000000, 0x00000000a2d00000, 0x00000000e0000000)
  object space 46080K, 65% used [0x00000000a0000000,0x00000000a1d4fbf0,0x00000000a2d00000)
 Metaspace       used 57083K, capacity 58638K, committed 58752K, reserved 1099776K
  class space    used 7844K, capacity 8275K, committed 8320K, reserved 1048576K
}
Event: 12.098 GC heap before
{Heap before GC invocations=15 (full 2):
 PSYoungGen      total 206848K, used 19921K [0x00000000e0000000, 0x00000000edb00000, 0x0000000100000000)
  eden space 191488K, 3% used [0x00000000e0000000,0x00000000e07091c8,0x00000000ebb00000)
  from space 15360K, 82% used [0x00000000ecc00000,0x00000000ed86b490,0x00000000edb00000)
  to   space 16384K, 0% used [0x00000000ebb00000,0x00000000ebb00000,0x00000000ecb00000)
 ParOldGen       total 46080K, used 30014K [0x00000000a0000000, 0x00000000a2d00000, 0x00000000e0000000)
  object space 46080K, 65% used [0x00000000a0000000,0x00000000a1d4fbf0,0x00000000a2d00000)
 Metaspace       used 57385K, capacity 58988K, committed 59136K, reserved 1099776K
  class space    used 7904K, capacity 8344K, committed 8448K, reserved 1048576K
Event: 12.106 GC heap after
Heap after GC invocations=15 (full 2):
 PSYoungGen      total 207872K, used 544K [0x00000000e0000000, 0x00000000f3d00000, 0x0000000100000000)
  eden space 191488K, 0% used [0x00000000e0000000,0x00000000e0000000,0x00000000ebb00000)
  from space 16384K, 3% used [0x00000000ebb00000,0x00000000ebb88000,0x00000000ecb00000)
  to   space 16896K, 0% used [0x00000000f2c80000,0x00000000f2c80000,0x00000000f3d00000)
 ParOldGen       total 46080K, used 35175K [0x00000000a0000000, 0x00000000a2d00000, 0x00000000e0000000)
  object space 46080K, 76% used [0x00000000a0000000,0x00000000a2259f40,0x00000000a2d00000)
 Metaspace       used 57385K, capacity 58988K, committed 59136K, reserved 1099776K
  class space    used 7904K, capacity 8344K, committed 8448K, reserved 1048576K
}
Event: 12.106 GC heap before
{Heap before GC invocations=16 (full 3):
 PSYoungGen      total 207872K, used 544K [0x00000000e0000000, 0x00000000f3d00000, 0x0000000100000000)
  eden space 191488K, 0% used [0x00000000e0000000,0x00000000e0000000,0x00000000ebb00000)
  from space 16384K, 3% used [0x00000000ebb00000,0x00000000ebb88000,0x00000000ecb00000)
  to   space 16896K, 0% used [0x00000000f2c80000,0x00000000f2c80000,0x00000000f3d00000)
 ParOldGen       total 46080K, used 35175K [0x00000000a0000000, 0x00000000a2d00000, 0x00000000e0000000)
  object space 46080K, 76% used [0x00000000a0000000,0x00000000a2259f40,0x00000000a2d00000)
 Metaspace       used 57385K, capacity 58988K, committed 59136K, reserved 1099776K
  class space    used 7904K, capacity 8344K, committed 8448K, reserved 1048576K
Event: 12.264 GC heap after
Heap after GC invocations=16 (full 3):
 PSYoungGen      total 207872K, used 0K [0x00000000e0000000, 0x00000000f3d00000, 0x0000000100000000)
  eden space 191488K, 0% used [0x00000000e0000000,0x00000000e0000000,0x00000000ebb00000)
  from space 16384K, 0% used [0x00000000ebb00000,0x00000000ebb00000,0x00000000ecb00000)
  to   space 16896K, 0% used [0x00000000f2c80000,0x00000000f2c80000,0x00000000f3d00000)
 ParOldGen       total 69120K, used 28585K [0x00000000a0000000, 0x00000000a4380000, 0x00000000e0000000)
  object space 69120K, 41% used [0x00000000a0000000,0x00000000a1bea650,0x00000000a4380000)
 Metaspace       used 57385K, capacity 58988K, committed 59136K, reserved 1099776K
  class space    used 7904K, capacity 8344K, committed 8448K, reserved 1048576K
}
Event: 376.629 GC heap before
{Heap before GC invocations=17 (full 3):
 PSYoungGen      total 207872K, used 191488K [0x00000000e0000000, 0x00000000f3d00000, 0x0000000100000000)
  eden space 191488K, 100% used [0x00000000e0000000,0x00000000ebb00000,0x00000000ebb00000)
  from space 16384K, 0% used [0x00000000ebb00000,0x00000000ebb00000,0x00000000ecb00000)
  to   space 16896K, 0% used [0x00000000f2c80000,0x00000000f2c80000,0x00000000f3d00000)
 ParOldGen       total 69120K, used 28585K [0x00000000a0000000, 0x00000000a4380000, 0x00000000e0000000)
  object space 69120K, 41% used [0x00000000a0000000,0x00000000a1bea650,0x00000000a4380000)
 Metaspace       used 64907K, capacity 66824K, committed 67072K, reserved 1107968K
  class space    used 8666K, capacity 9181K, committed 9216K, reserved 1048576K
Event: 376.687 GC heap after
Heap after GC invocations=17 (full 3):
 PSYoungGen      total 282112K, used 10709K [0x00000000e0000000, 0x00000000f3700000, 0x0000000100000000)
  eden space 271360K, 0% used [0x00000000e0000000,0x00000000e0000000,0x00000000f0900000)
  from space 10752K, 99% used [0x00000000f2c80000,0x00000000f36f5468,0x00000000f3700000)
  to   space 17408K, 0% used [0x00000000f1500000,0x00000000f1500000,0x00000000f2600000)
 ParOldGen       total 69120K, used 28593K [0x00000000a0000000, 0x00000000a4380000, 0x00000000e0000000)
  object space 69120K, 41% used [0x00000000a0000000,0x00000000a1bec650,0x00000000a4380000)
 Metaspace       used 64907K, capacity 66824K, committed 67072K, reserved 1107968K
  class space    used 8666K, capacity 9181K, committed 9216K, reserved 1048576K
}
Event: 1638.157 GC heap before
{Heap before GC invocations=18 (full 3):
 PSYoungGen      total 282112K, used 282069K [0x00000000e0000000, 0x00000000f3700000, 0x0000000100000000)
  eden space 271360K, 100% used [0x00000000e0000000,0x00000000f0900000,0x00000000f0900000)
  from space 10752K, 99% used [0x00000000f2c80000,0x00000000f36f5468,0x00000000f3700000)
  to   space 17408K, 0% used [0x00000000f1500000,0x00000000f1500000,0x00000000f2600000)
 ParOldGen       total 69120K, used 28593K [0x00000000a0000000, 0x00000000a4380000, 0x00000000e0000000)
  object space 69120K, 41% used [0x00000000a0000000,0x00000000a1bec650,0x00000000a4380000)
 Metaspace       used 72060K, capacity 74584K, committed 74880K, reserved 1114112K
  class space    used 9402K, capacity 10006K, committed 10112K, reserved 1048576K
Event: 1638.215 GC heap after
Heap after GC invocations=18 (full 3):
 PSYoungGen      total 301056K, used 10602K [0x00000000e0000000, 0x00000000f8f00000, 0x0000000100000000)
  eden space 283648K, 0% used [0x00000000e0000000,0x00000000e0000000,0x00000000f1500000)
  from space 17408K, 60% used [0x00000000f1500000,0x00000000f1f5a998,0x00000000f2600000)
  to   space 17408K, 0% used [0x00000000f7e00000,0x00000000f7e00000,0x00000000f8f00000)
 ParOldGen       total 69120K, used 32725K [0x00000000a0000000, 0x00000000a4380000, 0x00000000e0000000)
  object space 69120K, 47% used [0x00000000a0000000,0x00000000a1ff57a0,0x00000000a4380000)
 Metaspace       used 72060K, capacity 74584K, committed 74880K, reserved 1114112K
  class space    used 9402K, capacity 10006K, committed 10112K, reserved 1048576K
}

