# JRE version: OpenJDK Runtime Environment (8.0_152-b01) (build 1.8.0_152-release-1248-b01)
# Java VM: OpenJDK 64-Bit Server VM (25.152-b01 mixed mode windows-amd64 compressed oops)
Heap:
 PSYoungGen      total 245760K, used 100240K [0x00000000e0000000, 0x00000000f1100000, 0x0000000100000000)
  eden space 217088K, 44% used [0x00000000e0000000,0x00000000e5d92658,0x00000000ed400000)
  from space 28672K, 15% used [0x00000000ed400000,0x00000000ed851a98,0x00000000ef000000)
  to   space 25600K, 0% used [0x00000000ef000000,0x00000000ef000000,0x00000000f0900000)
 ParOldGen       total 94720K, used 52117K [0x00000000a0000000, 0x00000000a5c80000, 0x00000000e0000000)
  object space 94720K, 55% used [0x00000000a0000000,0x00000000a32e56d8,0x00000000a5c80000)
 Metaspace       used 81292K, capacity 83938K, committed 84096K, reserved 1122304K
  class space    used 10487K, capacity 11054K, committed 11136K, reserved 1048576K
GC Heap History (10 events):
Event: 18.074 GC heap before
{Heap before GC invocations=22 (full 3):
 PSYoungGen      total 242688K, used 237992K [0x00000000e0000000, 0x00000000f1100000, 0x0000000100000000)
  eden space 217088K, 100% used [0x00000000e0000000,0x00000000ed400000,0x00000000ed400000)
  from space 25600K, 81% used [0x00000000ef000000,0x00000000f046a3d8,0x00000000f0900000)
  to   space 28672K, 0% used [0x00000000ed400000,0x00000000ed400000,0x00000000ef000000)
 ParOldGen       total 94720K, used 39600K [0x00000000a0000000, 0x00000000a5c80000, 0x00000000e0000000)
  object space 94720K, 41% used [0x00000000a0000000,0x00000000a26ac170,0x00000000a5c80000)
 Metaspace       used 77474K, capacity 79476K, committed 79744K, reserved 1118208K
  class space    used 10047K, capacity 10531K, committed 10624K, reserved 1048576K
Event: 18.092 GC heap after
Heap after GC invocations=22 (full 3):
 PSYoungGen      total 245760K, used 22631K [0x00000000e0000000, 0x00000000f1100000, 0x0000000100000000)
  eden space 217088K, 0% used [0x00000000e0000000,0x00000000e0000000,0x00000000ed400000)
  from space 28672K, 78% used [0x00000000ed400000,0x00000000eea19d40,0x00000000ef000000)
  to   space 25600K, 0% used [0x00000000ef000000,0x00000000ef000000,0x00000000f0900000)
 ParOldGen       total 94720K, used 39600K [0x00000000a0000000, 0x00000000a5c80000, 0x00000000e0000000)
  object space 94720K, 41% used [0x00000000a0000000,0x00000000a26ac170,0x00000000a5c80000)
 Metaspace       used 77474K, capacity 79476K, committed 79744K, reserved 1118208K
  class space    used 10047K, capacity 10531K, committed 10624K, reserved 1048576K
}
Event: 18.793 GC heap before
{Heap before GC invocations=23 (full 3):
 PSYoungGen      total 245760K, used 239719K [0x00000000e0000000, 0x00000000f1100000, 0x0000000100000000)
  eden space 217088K, 100% used [0x00000000e0000000,0x00000000ed400000,0x00000000ed400000)
  from space 28672K, 78% used [0x00000000ed400000,0x00000000eea19d40,0x00000000ef000000)
  to   space 25600K, 0% used [0x00000000ef000000,0x00000000ef000000,0x00000000f0900000)
 ParOldGen       total 94720K, used 39600K [0x00000000a0000000, 0x00000000a5c80000, 0x00000000e0000000)
  object space 94720K, 41% used [0x00000000a0000000,0x00000000a26ac170,0x00000000a5c80000)
 Metaspace       used 78674K, capacity 80968K, committed 81152K, reserved 1120256K
  class space    used 10182K, capacity 10701K, committed 10752K, reserved 1048576K
Event: 18.808 GC heap after
Heap after GC invocations=23 (full 3):
 PSYoungGen      total 242688K, used 7704K [0x00000000e0000000, 0x00000000f1100000, 0x0000000100000000)
  eden space 217088K, 0% used [0x00000000e0000000,0x00000000e0000000,0x00000000ed400000)
  from space 25600K, 30% used [0x00000000ef000000,0x00000000ef786130,0x00000000f0900000)
  to   space 28672K, 0% used [0x00000000ed400000,0x00000000ed400000,0x00000000ef000000)
 ParOldGen       total 94720K, used 49167K [0x00000000a0000000, 0x00000000a5c80000, 0x00000000e0000000)
  object space 94720K, 51% used [0x00000000a0000000,0x00000000a3003fe8,0x00000000a5c80000)
 Metaspace       used 78674K, capacity 80968K, committed 81152K, reserved 1120256K
  class space    used 10182K, capacity 10701K, committed 10752K, reserved 1048576K
}
Event: 19.711 GC heap before
{Heap before GC invocations=24 (full 3):
 PSYoungGen      total 242688K, used 224792K [0x00000000e0000000, 0x00000000f1100000, 0x0000000100000000)
  eden space 217088K, 100% used [0x00000000e0000000,0x00000000ed400000,0x00000000ed400000)
  from space 25600K, 30% used [0x00000000ef000000,0x00000000ef786130,0x00000000f0900000)
  to   space 28672K, 0% used [0x00000000ed400000,0x00000000ed400000,0x00000000ef000000)
 ParOldGen       total 94720K, used 49167K [0x00000000a0000000, 0x00000000a5c80000, 0x00000000e0000000)
  object space 94720K, 51% used [0x00000000a0000000,0x00000000a3003fe8,0x00000000a5c80000)
 Metaspace       used 78749K, capacity 81052K, committed 81152K, reserved 1120256K
  class space    used 10183K, capacity 10703K, committed 10752K, reserved 1048576K
Event: 19.721 GC heap after
Heap after GC invocations=24 (full 3):
 PSYoungGen      total 245760K, used 7717K [0x00000000e0000000, 0x00000000f1100000, 0x0000000100000000)
  eden space 217088K, 0% used [0x00000000e0000000,0x00000000e0000000,0x00000000ed400000)
  from space 28672K, 26% used [0x00000000ed400000,0x00000000edb895c8,0x00000000ef000000)
  to   space 25600K, 0% used [0x00000000ef000000,0x00000000ef000000,0x00000000f0900000)
 ParOldGen       total 94720K, used 49175K [0x00000000a0000000, 0x00000000a5c80000, 0x00000000e0000000)
  object space 94720K, 51% used [0x00000000a0000000,0x00000000a3005fe8,0x00000000a5c80000)
 Metaspace       used 78749K, capacity 81052K, committed 81152K, reserved 1120256K
  class space    used 10183K, capacity 10703K, committed 10752K, reserved 1048576K
}
Event: 20.954 GC heap before
{Heap before GC invocations=25 (full 3):
 PSYoungGen      total 245760K, used 223682K [0x00000000e0000000, 0x00000000f1100000, 0x0000000100000000)
  eden space 217088K, 99% used [0x00000000e0000000,0x00000000ed2e7470,0x00000000ed400000)
  from space 28672K, 26% used [0x00000000ed400000,0x00000000edb895c8,0x00000000ef000000)
  to   space 25600K, 0% used [0x00000000ef000000,0x00000000ef000000,0x00000000f0900000)
 ParOldGen       total 94720K, used 49175K [0x00000000a0000000, 0x00000000a5c80000, 0x00000000e0000000)
  object space 94720K, 51% used [0x00000000a0000000,0x00000000a3005fe8,0x00000000a5c80000)
 Metaspace       used 79399K, capacity 81758K, committed 82048K, reserved 1120256K
  class space    used 10251K, capacity 10790K, committed 10880K, reserved 1048576K
Event: 21.003 GC heap after
Heap after GC invocations=25 (full 3):
 PSYoungGen      total 242688K, used 25590K [0x00000000e0000000, 0x00000000f1100000, 0x0000000100000000)
  eden space 217088K, 0% used [0x00000000e0000000,0x00000000e0000000,0x00000000ed400000)
  from space 25600K, 99% used [0x00000000ef000000,0x00000000f08fd8c0,0x00000000f0900000)
  to   space 28672K, 0% used [0x00000000ed400000,0x00000000ed400000,0x00000000ef000000)
 ParOldGen       total 94720K, used 49677K [0x00000000a0000000, 0x00000000a5c80000, 0x00000000e0000000)
  object space 94720K, 52% used [0x00000000a0000000,0x00000000a30836c8,0x00000000a5c80000)
 Metaspace       used 79399K, capacity 81758K, committed 82048K, reserved 1120256K
  class space    used 10251K, capacity 10790K, committed 10880K, reserved 1048576K
}
Event: 22.525 GC heap before
{Heap before GC invocations=26 (full 3):
 PSYoungGen      total 242688K, used 242678K [0x00000000e0000000, 0x00000000f1100000, 0x0000000100000000)
  eden space 217088K, 100% used [0x00000000e0000000,0x00000000ed400000,0x00000000ed400000)
  from space 25600K, 99% used [0x00000000ef000000,0x00000000f08fd8c0,0x00000000f0900000)
  to   space 28672K, 0% used [0x00000000ed400000,0x00000000ed400000,0x00000000ef000000)
 ParOldGen       total 94720K, used 49677K [0x00000000a0000000, 0x00000000a5c80000, 0x00000000e0000000)
  object space 94720K, 52% used [0x00000000a0000000,0x00000000a30836c8,0x00000000a5c80000)
 Metaspace       used 80831K, capacity 83370K, committed 83456K, reserved 1122304K
  class space    used 10426K, capacity 10978K, committed 11008K, reserved 1048576K
Event: 22.533 GC heap after
Heap after GC invocations=26 (full 3):
 PSYoungGen      total 245760K, used 4422K [0x00000000e0000000, 0x00000000f1100000, 0x0000000100000000)
  eden space 217088K, 0% used [0x00000000e0000000,0x00000000e0000000,0x00000000ed400000)
  from space 28672K, 15% used [0x00000000ed400000,0x00000000ed851a98,0x00000000ef000000)
  to   space 25600K, 0% used [0x00000000ef000000,0x00000000ef000000,0x00000000f0900000)
 ParOldGen       total 94720K, used 52117K [0x00000000a0000000, 0x00000000a5c80000, 0x00000000e0000000)
  object space 94720K, 55% used [0x00000000a0000000,0x00000000a32e56d8,0x00000000a5c80000)
 Metaspace       used 80831K, capacity 83370K, committed 83456K, reserved 1122304K
  class space    used 10426K, capacity 10978K, committed 11008K, reserved 1048576K
}

